[     363ms] [INFO] %cDownload the React DevTools for a better development experience: https://react.dev/link/react-devtools font-weight:bold @ http://localhost:3000/_next/static/chunks/0.rz_%40sentry_core_build_esm_0p-_0hj._.js:10515
[     435ms] [LOG] [HMR] connected @ http://localhost:3000/_next/static/chunks/0.rz_%40sentry_core_build_esm_0p-_0hj._.js:10515
[     669ms] [WARNING] Clerk: Clerk has been loaded with development keys. Development instances have strict usage limits and should not be used when deploying your application to production. Learn more: https://clerk.com/docs/deployments/overview @ http://localhost:3000/_next/static/chunks/0.rz_%40sentry_core_build_esm_0p-_0hj._.js:10515
[     717ms] [ERROR] Failed to load resource: the server responded with a status of 401 (Unauthorized) @ http://localhost:3000/api/categories:0
[     720ms] [ERROR] Failed to load resource: the server responded with a status of 401 (Unauthorized) @ http://localhost:3000/api/income:0
[     722ms] [ERROR] Failed to load resource: the server responded with a status of 401 (Unauthorized) @ http://localhost:3000/api/expenses:0
[     723ms] [ERROR] Error fetching budget data: Error: Failed to load budget data
    at ExpensesClient.useCallback[fetchData] (http://localhost:3000/_next/static/chunks/src_119o4pv._.js:324:27) @ http://localhost:3000/_next/static/chunks/0.rz_%40sentry_core_build_esm_0p-_0hj._.js:10515
[   88231ms] [LOG] [Fast Refresh] rebuilding @ http://localhost:3000/_next/static/chunks/0.rz_%40sentry_core_build_esm_0p-_0hj._.js:10515
[   88262ms] [LOG] [Fast Refresh] done in 74ms @ http://localhost:3000/_next/static/chunks/0.rz_%40sentry_core_build_esm_0p-_0hj._.js:10515
[   88446ms] [LOG] [Fast Refresh] rebuilding @ http://localhost:3000/_next/static/chunks/0.rz_%40sentry_core_build_esm_0p-_0hj._.js:10515
[   88501ms] [ERROR] Failed to load resource: the server responded with a status of 401 (Unauthorized) @ http://localhost:3000/api/categories:0
[   88512ms] [ERROR] Failed to load resource: the server responded with a status of 401 (Unauthorized) @ http://localhost:3000/api/income:0
[   88515ms] [ERROR] Failed to load resource: the server responded with a status of 401 (Unauthorized) @ http://localhost:3000/api/expenses:0
[   88516ms] [ERROR] Error fetching budget data: Error: Failed to load budget data
    at ExpensesClient.useCallback[fetchData] (http://localhost:3000/_next/static/chunks/src_119o4pv._.js?id=%255Bproject%255D%252Fsrc%252Fapp%252F%2528protected%2529%252Fexpenses%252Fexpenses-client.tsx+%255Bapp-client%255D+%2528ecmascript%2529:160:27) @ http://localhost:3000/_next/static/chunks/0.rz_%40sentry_core_build_esm_0p-_0hj._.js:10515
[   88592ms] [LOG] [Fast Refresh] done in 246ms @ http://localhost:3000/_next/static/chunks/0.rz_%40sentry_core_build_esm_0p-_0hj._.js:10515
[  177118ms] [LOG] [Fast Refresh] rebuilding @ http://localhost:3000/_next/static/chunks/0.rz_%40sentry_core_build_esm_0p-_0hj._.js:10515
[  177145ms] [LOG] [Fast Refresh] done in 102ms @ http://localhost:3000/_next/static/chunks/0.rz_%40sentry_core_build_esm_0p-_0hj._.js:10515
[  177324ms] [LOG] [Fast Refresh] rebuilding @ http://localhost:3000/_next/static/chunks/0.rz_%40sentry_core_build_esm_0p-_0hj._.js:10515
[  177370ms] [ERROR] Failed to load resource: the server responded with a status of 401 (Unauthorized) @ http://localhost:3000/api/categories:0
[  177373ms] [LOG] [Fast Refresh] done in 148ms @ http://localhost:3000/_next/static/chunks/0.rz_%40sentry_core_build_esm_0p-_0hj._.js:10515
[  177379ms] [ERROR] Failed to load resource: the server responded with a status of 401 (Unauthorized) @ http://localhost:3000/api/income:0
[  177380ms] [ERROR] Failed to load resource: the server responded with a status of 401 (Unauthorized) @ http://localhost:3000/api/expenses:0
[  177380ms] [ERROR] Error fetching budget data: Error: Failed to load budget data
    at ExpensesClient.useCallback[fetchData] (http://localhost:3000/_next/static/chunks/src_119o4pv._.js?id=%255Bproject%255D%252Fsrc%252Fapp%252F%2528protected%2529%252Fexpenses%252Fexpenses-client.tsx+%255Bapp-client%255D+%2528ecmascript%2529:162:27) @ http://localhost:3000/_next/static/chunks/0.rz_%40sentry_core_build_esm_0p-_0hj._.js:10515
